<?xml version="1.0" encoding="UTF-8"?>
<testsuite xmlns:xsi="http://www.w3.org/2001/XMLSchema-instance" xsi:noNamespaceSchemaLocation="https://maven.apache.org/surefire/maven-surefire-plugin/xsd/surefire-test-report-3.0.xsd" version="3.0" name="lab.CalculatorTest" time="0.126" tests="6" errors="0" skipped="0" failures="0">
  <properties>
[...]
</properties>
  <testcase name="multiply_simple" classname="lab.CalculatorTest" time="0.05"/>
  <testcase name="add_negative" classname="lab.CalculatorTest" time="0.002"/>
  <testcase name="subtract_simple" classname="lab.CalculatorTest" time="0.002"/>
  <testcase name="divide_byZero" classname="lab.CalculatorTest" time="0.006"/>
  <testcase name="divide_simple" classname="lab.CalculatorTest" time="0.001"/>
  <testcase name="add_simple" classname="lab.CalculatorTest" time="0.001"/>
</testsuite>