<?xml version="1.0" encoding="UTF-8"?>
<testsuite xmlns:xsi="http://www.w3.org/2001/XMLSchema-instance" xsi:noNamespaceSchemaLocation="https://maven.apache.org/surefire/maven-surefire-plugin/xsd/surefire-test-report-3.0.xsd" version="3.0" name="lab.StringUtilsTest" time="0.024" tests="3" errors="0" skipped="0" failures="0">
  <properties>
[...]
</properties>
  <testcase name="reverse_singleChar" classname="lab.StringUtilsTest" time="0.011"/>
  <testcase name="reverse_asciiAndUnicode" classname="lab.StringUtilsTest" time="0.0"/>
  <testcase name="reverse_empty" classname="lab.StringUtilsTest" time="0.001"/>
</testsuite>